[debug] [2025-12-08T10:27:13.469Z] ----------------------------------------------------------------------
[debug] [2025-12-08T10:27:13.472Z] Command:       D:\node.exe C:\Users\KIRA\AppData\Roaming\npm\node_modules\firebase-tools\lib\bin\firebase.js init
[debug] [2025-12-08T10:27:13.473Z] CLI Version:   14.27.0
[debug] [2025-12-08T10:27:13.473Z] Platform:      win32
[debug] [2025-12-08T10:27:13.473Z] Node Version:  v24.11.0
[debug] [2025-12-08T10:27:13.473Z] Time:          Mon Dec 08 2025 13:27:13 GMT+0300 (Москва, стандартное время)
[debug] [2025-12-08T10:27:13.474Z] ----------------------------------------------------------------------
[debug] 
[info] 
     ######## #### ########  ######## ########     ###     ######  ########
     ##        ##  ##     ## ##       ##     ##  ##   ##  ##       ##
     ######    ##  ########  ######   ########  #########  ######  ######
     ##        ##  ##    ##  ##       ##     ## ##     ##       ## ##
     ##       #### ##     ## ######## ########  ##     ##  ######  ########

You're about to initialize a Firebase project in this directory:

  C:\Users\KIRA\react-app

[info] 
=== Project Setup
[info] 
[info] First, let's associate this project directory with a Firebase project.
[info] You can create multiple project aliases by running firebase use --add, 
[info] 
[debug] [2025-12-08T10:27:42.073Z] > command requires scopes: ["email","openid","https://www.googleapis.com/auth/cloudplatformprojects.readonly","https://www.googleapis.com/auth/firebase","https://www.googleapis.com/auth/cloud-platform"]
[debug] [2025-12-08T10:27:42.074Z] > authorizing via signed-in user (dolgaakira@gmail.com)
[debug] [2025-12-08T10:27:42.075Z] Checked if tokens are valid: true, expires at: 1765193173803
[debug] [2025-12-08T10:27:42.075Z] Checked if tokens are valid: true, expires at: 1765193173803
[debug] [2025-12-08T10:27:42.076Z] >>> [apiv2][query] GET https://firebase.googleapis.com/v1beta1/projects pageSize=100
[debug] [2025-12-08T10:27:58.318Z] <<< [apiv2][status] GET https://firebase.googleapis.com/v1beta1/projects 200
[debug] [2025-12-08T10:27:58.319Z] <<< [apiv2][body] GET https://firebase.googleapis.com/v1beta1/projects [omitted]
